<?xml version="1.0" encoding="UTF-8"?>
<!-- Generated by org.testng.reporters.JUnitReportReporter -->
<testsuite hostname="DESKTOP-3QDGDBE" failures="0" tests="2" name="practice.Introduction2" time="0.001" errors="0" timestamp="2023-02-09T23:55:35 IST" skipped="0">
  <testcase classname="practice.Introduction2" name="print" time="0.001"/>
  <system-out/>
  <testcase classname="practice.Introduction2" name="print2" time="0.000"/>
  <system-out/>
</testsuite> <!-- practice.Introduction2 -->
