<?xml version="1.0" encoding="UTF-8"?>
<!-- Generated by org.testng.reporters.JUnitReportReporter -->
<testsuite hostname="DESKTOP-3QDGDBE" failures="0" tests="2" name="practice.Introduction" time="0.007" errors="0" timestamp="2023-02-09T23:55:35 IST" skipped="0">
  <testcase classname="practice.Introduction" name="Hello2" time="0.000"/>
  <system-out/>
  <testcase classname="practice.Introduction" name="Hello" time="0.007"/>
  <system-out/>
</testsuite> <!-- practice.Introduction -->
