<?xml version="1.0" encoding="UTF-8"?>
<!-- Generated by org.testng.reporters.JUnitReportReporter -->
<testsuite hostname="DESKTOP-3QDGDBE" failures="0" tests="4" name="practice.Practice2" time="0.004" errors="0" timestamp="2023-02-12T16:17:06 IST" skipped="0">
  <testcase classname="practice.Practice2" name="method3" time="0.001"/>
  <system-out/>
  <testcase classname="practice.Practice2" name="method4" time="0.001"/>
  <system-out/>
  <testcase classname="practice.Practice2" name="method1" time="0.001"/>
  <system-out/>
  <testcase classname="practice.Practice2" name="method2" time="0.001"/>
  <system-out/>
</testsuite> <!-- practice.Practice2 -->
