<?xml version="1.0" encoding="UTF-8"?>
<!-- Generated by org.testng.reporters.JUnitReportReporter -->
<testsuite hostname="DESKTOP-3QDGDBE" failures="0" tests="2" name="practice.Class1" time="0.013" errors="0" timestamp="2023-02-18T17:00:36 IST" skipped="0">
  <testcase classname="practice.Class1" name="Hello" time="0.012"/>
  <system-out/>
  <testcase classname="practice.Class1" name="Hello2" time="0.001"/>
  <system-out/>
</testsuite> <!-- practice.Class1 -->
