<?xml version="1.0" encoding="UTF-8"?>
<!-- Generated by org.testng.reporters.JUnitReportReporter -->
<testsuite hostname="DESKTOP-3QDGDBE" failures="0" tests="3" name="practice.Practice3" time="0.008" errors="0" timestamp="2023-02-12T01:28:27 IST" skipped="0">
  <testcase classname="practice.Practice3" name="method2" time="0.001"/>
  <system-out/>
  <testcase classname="practice.Practice3" name="method2" time="0.006"/>
  <system-out/>
  <testcase classname="practice.Practice3" name="method2" time="0.001"/>
  <system-out/>
</testsuite> <!-- practice.Practice3 -->
