<?xml version="1.0" encoding="UTF-8"?>
<!-- Generated by org.testng.reporters.JUnitReportReporter -->
<testsuite hostname="DESKTOP-3QDGDBE" failures="0" tests="2" name="TestNGPractice.Introduction" time="0.006" errors="0" timestamp="2023-02-09T23:45:19 IST" skipped="0">
  <testcase classname="TestNGPractice.Introduction" name="Hello2" time="0.001"/>
  <system-out/>
  <testcase classname="TestNGPractice.Introduction" name="Hello" time="0.005"/>
  <system-out/>
</testsuite> <!-- TestNGPractice.Introduction -->
